[debug] [2024-04-20T04:41:47.337Z] ----------------------------------------------------------------------
[debug] [2024-04-20T04:41:47.338Z] Command:       /Users/officepc/.nvm/versions/node/v18.18.2/bin/node /Users/officepc/.nvm/versions/node/v18.18.2/bin/firebase init
[debug] [2024-04-20T04:41:47.338Z] CLI Version:   13.1.0
[debug] [2024-04-20T04:41:47.338Z] Platform:      darwin
[debug] [2024-04-20T04:41:47.338Z] Node Version:  v18.18.2
[debug] [2024-04-20T04:41:47.339Z] Time:          Sat Apr 20 2024 10:11:47 GMT+0530 (India Standard Time)
[debug] [2024-04-20T04:41:47.339Z] ----------------------------------------------------------------------
[debug] 
[debug] [2024-04-20T04:41:47.341Z] > command requires scopes: ["email","openid","https://www.googleapis.com/auth/cloudplatformprojects.readonly","https://www.googleapis.com/auth/firebase","https://www.googleapis.com/auth/cloud-platform"]
[debug] [2024-04-20T04:41:47.341Z] > authorizing via signed-in user (appinsider2023@gmail.com)
[info] 
     ######## #### ########  ######## ########     ###     ######  ########
     ##        ##  ##     ## ##       ##     ##  ##   ##  ##       ##
     ######    ##  ########  ######   ########  #########  ######  ######
     ##        ##  ##    ##  ##       ##     ## ##     ##       ## ##
     ##       #### ##     ## ######## ########  ##     ##  ######  ########

You're about to initialize a Firebase project in this directory:

  /Users/officepc/Documents/flutter-projects/chatzy_web_app

[info] 
=== Project Setup
[info] 
[info] First, let's associate this project directory with a Firebase project.
[info] You can create multiple project aliases by running firebase use --add, 
[info] but for now we'll just set up a default project.
[info] 
[debug] [2024-04-20T04:42:18.348Z] >>> [apiv2][query] GET https://firebase.googleapis.com/v1beta1/projects pageSize=100
[debug] [2024-04-20T04:42:19.228Z] <<< [apiv2][status] GET https://firebase.googleapis.com/v1beta1/projects 200
[debug] [2024-04-20T04:42:19.228Z] <<< [apiv2][body] GET https://firebase.googleapis.com/v1beta1/projects [omitted]
